<?xml version="1.0" encoding="UTF-8"?>
<!-- Generated by org.testng.reporters.JUnitReportReporter -->
<testsuite hostname="DESKTOP-8S455D7" failures="0" tests="2" name="com.crm.comcast.ProductTest.CreateProductTest" time="0.019" errors="0" timestamp="08 May 2021 07:33:35 GMT" skipped="0">
  <testcase classname="com.crm.comcast.ProductTest.CreateProductTest" name="createProductWithNAmeTest" time="0.000"/>
  <testcase classname="com.crm.comcast.ProductTest.CreateProductTest" name="createProductWithIDTest" time="0.019"/>
</testsuite> <!-- com.crm.comcast.ProductTest.CreateProductTest -->
