<?xml version="1.0" encoding="UTF-8"?>
<!-- Generated by org.testng.reporters.JUnitReportReporter -->
<testsuite hostname="DESKTOP-8S455D7" failures="0" tests="2" name="com.crm.comcast.ProductTest.SearchProductTest" time="0.002" errors="0" timestamp="08 May 2021 07:33:35 GMT" skipped="0">
  <testcase classname="com.crm.comcast.ProductTest.SearchProductTest" name="searchProductWithNAmeTest" time="0.002"/>
  <testcase classname="com.crm.comcast.ProductTest.SearchProductTest" name="searchProductWithIDTest" time="0.000"/>
</testsuite> <!-- com.crm.comcast.ProductTest.SearchProductTest -->
